<?xml version="1.0" encoding="utf-8"?>
<coverage line-rate="0.9748" branch-rate="0.8928" version="1.9" timestamp="1670493235" lines-covered="194" lines-valid="199" branches-covered="50" branches-valid="56">
  <sources>
    <source>D:\OpenSource\Cheerful\Cheerful\</source>
  </sources>
  <packages>
    <package name="Cheerful" line-rate="0.9748" branch-rate="0.8928" complexity="75">
      <classes>
        <class name="Cheerful.Initialized" filename="Initialized.cs" line-rate="1" branch-rate="1" complexity="33">
          <methods>
            <method name="Init" signature="()" line-rate="1" branch-rate="1" complexity="1">
              <lines>
                <line number="13" hits="1" branch="False" />
                <line number="14" hits="1" branch="False" />
                <line number="15" hits="1" branch="False" />
                <line number="16" hits="1" branch="False" />
                <line number="17" hits="1" branch="False" />
                <line number="18" hits="1" branch="False" />
                <line number="19" hits="1" branch="False" />
              </lines>
            </method>
            <method name="InitCollection" signature="(System.Int32)" line-rate="1" branch-rate="1" complexity="2">
              <lines>
                <line number="28" hits="1" branch="False" />
                <line number="29" hits="1" branch="False" />
                <line number="30" hits="1" branch="False" />
                <line number="31" hits="1" branch="False" />
                <line number="33" hits="200002" branch="True" condition-coverage="100% (2/2)">
                  <conditions>
                    <condition number="73" type="jump" coverage="100%" />
                  </conditions>
                </line>
                <line number="34" hits="100000" branch="False" />
                <line number="35" hits="100000" branch="False" />
                <line number="36" hits="100000" branch="False" />
                <line number="37" hits="100000" branch="False" />
                <line number="38" hits="100000" branch="False" />
                <line number="39" hits="1" branch="False" />
                <line number="40" hits="1" branch="False" />
              </lines>
            </method>
            <method name="SetPropertyInfo" signature="(System.Object,System.Reflection.PropertyInfo[])" line-rate="1" branch-rate="1" complexity="30">
              <lines>
                <line number="48" hits="100001" branch="False" />
                <line number="49" hits="5700057" branch="True" condition-coverage="100% (2/2)">
                  <conditions>
                    <condition number="840" type="jump" coverage="100%" />
                  </conditions>
                </line>
                <line number="50" hits="2700027" branch="False" />
                <line number="51" hits="2700027" branch="True" condition-coverage="100% (2/2)">
                  <conditions>
                    <condition number="39" type="jump" coverage="100%" />
                  </conditions>
                </line>
                <line number="52" hits="100001" branch="False" />
                <line number="53" hits="100001" branch="False" />
                <line number="54" hits="100001" branch="False" />
                <line number="55" hits="2600026" branch="True" condition-coverage="100% (2/2)">
                  <conditions>
                    <condition number="96" type="jump" coverage="100%" />
                  </conditions>
                </line>
                <line number="56" hits="100001" branch="False" />
                <line number="57" hits="100001" branch="False" />
                <line number="58" hits="100001" branch="False" />
                <line number="59" hits="2500025" branch="True" condition-coverage="100% (2/2)">
                  <conditions>
                    <condition number="153" type="jump" coverage="100%" />
                  </conditions>
                </line>
                <line number="60" hits="100001" branch="False" />
                <line number="61" hits="100001" branch="False" />
                <line number="62" hits="100001" branch="False" />
                <line number="63" hits="2400024" branch="True" condition-coverage="100% (2/2)">
                  <conditions>
                    <condition number="210" type="jump" coverage="100%" />
                  </conditions>
                </line>
                <line number="64" hits="100001" branch="False" />
                <line number="65" hits="100001" branch="False" />
                <line number="66" hits="100001" branch="False" />
                <line number="67" hits="2300023" branch="True" condition-coverage="100% (2/2)">
                  <conditions>
                    <condition number="279" type="jump" coverage="100%" />
                  </conditions>
                </line>
                <line number="68" hits="100001" branch="False" />
                <line number="69" hits="100001" branch="False" />
                <line number="70" hits="100001" branch="False" />
                <line number="71" hits="2200022" branch="True" condition-coverage="100% (2/2)">
                  <conditions>
                    <condition number="346" type="jump" coverage="100%" />
                  </conditions>
                </line>
                <line number="72" hits="100001" branch="False" />
                <line number="73" hits="100001" branch="False" />
                <line number="74" hits="100001" branch="False" />
                <line number="75" hits="2100021" branch="True" condition-coverage="100% (2/2)">
                  <conditions>
                    <condition number="398" type="jump" coverage="100%" />
                  </conditions>
                </line>
                <line number="76" hits="100001" branch="False" />
                <line number="77" hits="100001" branch="False" />
                <line number="78" hits="100001" branch="False" />
                <line number="79" hits="2000020" branch="True" condition-coverage="100% (2/2)">
                  <conditions>
                    <condition number="455" type="jump" coverage="100%" />
                  </conditions>
                </line>
                <line number="80" hits="100001" branch="False" />
                <line number="81" hits="100001" branch="False" />
                <line number="82" hits="100001" branch="False" />
                <line number="83" hits="1900019" branch="True" condition-coverage="100% (2/2)">
                  <conditions>
                    <condition number="512" type="jump" coverage="100%" />
                  </conditions>
                </line>
                <line number="84" hits="100001" branch="False" />
                <line number="85" hits="100001" branch="False" />
                <line number="86" hits="100001" branch="False" />
                <line number="87" hits="1800018" branch="True" condition-coverage="100% (2/2)">
                  <conditions>
                    <condition number="569" type="jump" coverage="100%" />
                  </conditions>
                </line>
                <line number="88" hits="100001" branch="False" />
                <line number="89" hits="100001" branch="False" />
                <line number="90" hits="100001" branch="False" />
                <line number="91" hits="1700017" branch="True" condition-coverage="100% (2/2)">
                  <conditions>
                    <condition number="626" type="jump" coverage="100%" />
                  </conditions>
                </line>
                <line number="92" hits="100001" branch="False" />
                <line number="93" hits="100001" branch="False" />
                <line number="94" hits="100001" branch="False" />
                <line number="95" hits="1600016" branch="True" condition-coverage="100% (2/2)">
                  <conditions>
                    <condition number="683" type="jump" coverage="100%" />
                  </conditions>
                </line>
                <line number="96" hits="100001" branch="False" />
                <line number="97" hits="100001" branch="False" />
                <line number="98" hits="100001" branch="False" />
                <line number="99" hits="1500015" branch="True" condition-coverage="100% (2/2)">
                  <conditions>
                    <condition number="737" type="jump" coverage="100%" />
                  </conditions>
                </line>
                <line number="100" hits="100001" branch="False" />
                <line number="101" hits="100001" branch="False" />
                <line number="102" hits="100001" branch="False" />
                <line number="103" hits="1400014" branch="True" condition-coverage="100% (2/2)">
                  <conditions>
                    <condition number="791" type="jump" coverage="100%" />
                  </conditions>
                </line>
                <line number="104" hits="100001" branch="False" />
                <line number="105" hits="100001" branch="False" />
                <line number="106" hits="100001" branch="False" />
                <line number="108" hits="1300013" branch="False" />
                <line number="110" hits="1300013" branch="False" />
                <line number="111" hits="1300013" branch="False" />
                <line number="112" hits="2700027" branch="False" />
                <line number="113" hits="100001" branch="False" />
              </lines>
            </method>
          </methods>
          <lines>
            <line number="13" hits="1" branch="False" />
            <line number="14" hits="1" branch="False" />
            <line number="15" hits="1" branch="False" />
            <line number="16" hits="1" branch="False" />
            <line number="17" hits="1" branch="False" />
            <line number="18" hits="1" branch="False" />
            <line number="19" hits="1" branch="False" />
            <line number="28" hits="1" branch="False" />
            <line number="29" hits="1" branch="False" />
            <line number="30" hits="1" branch="False" />
            <line number="31" hits="1" branch="False" />
            <line number="33" hits="200002" branch="True" condition-coverage="100% (2/2)">
              <conditions>
                <condition number="73" type="jump" coverage="100%" />
              </conditions>
            </line>
            <line number="34" hits="100000" branch="False" />
            <line number="35" hits="100000" branch="False" />
            <line number="36" hits="100000" branch="False" />
            <line number="37" hits="100000" branch="False" />
            <line number="38" hits="100000" branch="False" />
            <line number="39" hits="1" branch="False" />
            <line number="40" hits="1" branch="False" />
            <line number="48" hits="100001" branch="False" />
            <line number="49" hits="5700057" branch="True" condition-coverage="100% (2/2)">
              <conditions>
                <condition number="840" type="jump" coverage="100%" />
              </conditions>
            </line>
            <line number="50" hits="2700027" branch="False" />
            <line number="51" hits="2700027" branch="True" condition-coverage="100% (2/2)">
              <conditions>
                <condition number="39" type="jump" coverage="100%" />
              </conditions>
            </line>
            <line number="52" hits="100001" branch="False" />
            <line number="53" hits="100001" branch="False" />
            <line number="54" hits="100001" branch="False" />
            <line number="55" hits="2600026" branch="True" condition-coverage="100% (2/2)">
              <conditions>
                <condition number="96" type="jump" coverage="100%" />
              </conditions>
            </line>
            <line number="56" hits="100001" branch="False" />
            <line number="57" hits="100001" branch="False" />
            <line number="58" hits="100001" branch="False" />
            <line number="59" hits="2500025" branch="True" condition-coverage="100% (2/2)">
              <conditions>
                <condition number="153" type="jump" coverage="100%" />
              </conditions>
            </line>
            <line number="60" hits="100001" branch="False" />
            <line number="61" hits="100001" branch="False" />
            <line number="62" hits="100001" branch="False" />
            <line number="63" hits="2400024" branch="True" condition-coverage="100% (2/2)">
              <conditions>
                <condition number="210" type="jump" coverage="100%" />
              </conditions>
            </line>
            <line number="64" hits="100001" branch="False" />
            <line number="65" hits="100001" branch="False" />
            <line number="66" hits="100001" branch="False" />
            <line number="67" hits="2300023" branch="True" condition-coverage="100% (2/2)">
              <conditions>
                <condition number="279" type="jump" coverage="100%" />
              </conditions>
            </line>
            <line number="68" hits="100001" branch="False" />
            <line number="69" hits="100001" branch="False" />
            <line number="70" hits="100001" branch="False" />
            <line number="71" hits="2200022" branch="True" condition-coverage="100% (2/2)">
              <conditions>
                <condition number="346" type="jump" coverage="100%" />
              </conditions>
            </line>
            <line number="72" hits="100001" branch="False" />
            <line number="73" hits="100001" branch="False" />
            <line number="74" hits="100001" branch="False" />
            <line number="75" hits="2100021" branch="True" condition-coverage="100% (2/2)">
              <conditions>
                <condition number="398" type="jump" coverage="100%" />
              </conditions>
            </line>
            <line number="76" hits="100001" branch="False" />
            <line number="77" hits="100001" branch="False" />
            <line number="78" hits="100001" branch="False" />
            <line number="79" hits="2000020" branch="True" condition-coverage="100% (2/2)">
              <conditions>
                <condition number="455" type="jump" coverage="100%" />
              </conditions>
            </line>
            <line number="80" hits="100001" branch="False" />
            <line number="81" hits="100001" branch="False" />
            <line number="82" hits="100001" branch="False" />
            <line number="83" hits="1900019" branch="True" condition-coverage="100% (2/2)">
              <conditions>
                <condition number="512" type="jump" coverage="100%" />
              </conditions>
            </line>
            <line number="84" hits="100001" branch="False" />
            <line number="85" hits="100001" branch="False" />
            <line number="86" hits="100001" branch="False" />
            <line number="87" hits="1800018" branch="True" condition-coverage="100% (2/2)">
              <conditions>
                <condition number="569" type="jump" coverage="100%" />
              </conditions>
            </line>
            <line number="88" hits="100001" branch="False" />
            <line number="89" hits="100001" branch="False" />
            <line number="90" hits="100001" branch="False" />
            <line number="91" hits="1700017" branch="True" condition-coverage="100% (2/2)">
              <conditions>
                <condition number="626" type="jump" coverage="100%" />
              </conditions>
            </line>
            <line number="92" hits="100001" branch="False" />
            <line number="93" hits="100001" branch="False" />
            <line number="94" hits="100001" branch="False" />
            <line number="95" hits="1600016" branch="True" condition-coverage="100% (2/2)">
              <conditions>
                <condition number="683" type="jump" coverage="100%" />
              </conditions>
            </line>
            <line number="96" hits="100001" branch="False" />
            <line number="97" hits="100001" branch="False" />
            <line number="98" hits="100001" branch="False" />
            <line number="99" hits="1500015" branch="True" condition-coverage="100% (2/2)">
              <conditions>
                <condition number="737" type="jump" coverage="100%" />
              </conditions>
            </line>
            <line number="100" hits="100001" branch="False" />
            <line number="101" hits="100001" branch="False" />
            <line number="102" hits="100001" branch="False" />
            <line number="103" hits="1400014" branch="True" condition-coverage="100% (2/2)">
              <conditions>
                <condition number="791" type="jump" coverage="100%" />
              </conditions>
            </line>
            <line number="104" hits="100001" branch="False" />
            <line number="105" hits="100001" branch="False" />
            <line number="106" hits="100001" branch="False" />
            <line number="108" hits="1300013" branch="False" />
            <line number="110" hits="1300013" branch="False" />
            <line number="111" hits="1300013" branch="False" />
            <line number="112" hits="2700027" branch="False" />
            <line number="113" hits="100001" branch="False" />
          </lines>
        </class>
        <class name="Cheerful.Random" filename="Random.cs" line-rate="0.9775" branch-rate="0.8571" complexity="30">
          <methods>
            <method name="NextBoolean" signature="()" line-rate="1" branch-rate="1" complexity="1">
              <lines>
                <line number="15" hits="100002" branch="False" />
                <line number="16" hits="100002" branch="False" />
                <line number="17" hits="100002" branch="False" />
              </lines>
            </method>
            <method name="NextByte" signature="()" line-rate="1" branch-rate="1" complexity="1">
              <lines>
                <line number="24" hits="400008" branch="False" />
                <line number="25" hits="400008" branch="False" />
                <line number="26" hits="400008" branch="False" />
              </lines>
            </method>
            <method name="NextChar" signature="()" line-rate="1" branch-rate="1" complexity="1">
              <lines>
                <line number="33" hits="100002" branch="False" />
                <line number="34" hits="100002" branch="False" />
                <line number="35" hits="100002" branch="False" />
                <line number="36" hits="100002" branch="False" />
              </lines>
            </method>
            <method name="NextChinese" signature="()" line-rate="1" branch-rate="1" complexity="1">
              <lines>
                <line number="43" hits="1" branch="False" />
                <line number="44" hits="1" branch="False" />
                <line number="45" hits="1" branch="False" />
                <line number="46" hits="1" branch="False" />
              </lines>
            </method>
            <method name="NextChinese" signature="(System.Int32)" line-rate="1" branch-rate="1" complexity="2">
              <lines>
                <line number="54" hits="1" branch="False" />
                <line number="55" hits="1" branch="False" />
                <line number="56" hits="22" branch="True" condition-coverage="100% (2/2)">
                  <conditions>
                    <condition number="57" type="jump" coverage="100%" />
                  </conditions>
                </line>
                <line number="57" hits="10" branch="False" />
                <line number="58" hits="10" branch="False" />
                <line number="59" hits="10" branch="False" />
                <line number="60" hits="10" branch="False" />
                <line number="61" hits="1" branch="False" />
                <line number="62" hits="1" branch="False" />
              </lines>
            </method>
            <method name="NextDecimal" signature="(System.Decimal,System.Decimal)" line-rate="1" branch-rate="1" complexity="1">
              <lines>
                <line number="71" hits="100002" branch="False" />
                <line number="72" hits="100002" branch="False" />
                <line number="73" hits="100002" branch="False" />
              </lines>
            </method>
            <method name="NextFloat" signature="(System.Single,System.Single)" line-rate="1" branch-rate="1" complexity="1">
              <lines>
                <line number="82" hits="100002" branch="False" />
                <line number="83" hits="100002" branch="False" />
                <line number="84" hits="100002" branch="False" />
              </lines>
            </method>
            <method name="NextMajuscule" signature="()" line-rate="1" branch-rate="1" complexity="1">
              <lines>
                <line number="91" hits="333123" branch="False" />
                <line number="92" hits="333123" branch="False" />
                <line number="93" hits="333123" branch="False" />
              </lines>
            </method>
            <method name="NextMinuscule" signature="()" line-rate="1" branch-rate="1" complexity="1">
              <lines>
                <line number="100" hits="334222" branch="False" />
                <line number="101" hits="334222" branch="False" />
                <line number="102" hits="334222" branch="False" />
              </lines>
            </method>
            <method name="NextNumber" signature="()" line-rate="1" branch-rate="1" complexity="1">
              <lines>
                <line number="109" hits="332688" branch="False" />
                <line number="110" hits="332688" branch="False" />
                <line number="111" hits="332688" branch="False" />
              </lines>
            </method>
            <method name="NextNumberString" signature="()" line-rate="1" branch-rate="1" complexity="1">
              <lines>
                <line number="118" hits="1" branch="False" />
                <line number="119" hits="1" branch="False" />
                <line number="120" hits="1" branch="False" />
              </lines>
            </method>
            <method name="NextSbyte" signature="()" line-rate="1" branch-rate="1" complexity="1">
              <lines>
                <line number="126" hits="100002" branch="False" />
                <line number="127" hits="100002" branch="False" />
                <line number="128" hits="100002" branch="False" />
              </lines>
            </method>
            <method name="NextShort" signature="()" line-rate="1" branch-rate="1" complexity="1">
              <lines>
                <line number="135" hits="100002" branch="False" />
                <line number="136" hits="100002" branch="False" />
                <line number="137" hits="100002" branch="False" />
              </lines>
            </method>
            <method name="NextString" signature="()" line-rate="0.9375" branch-rate="0.8332999999999999" complexity="6">
              <lines>
                <line number="144" hits="100002" branch="False" />
                <line number="145" hits="100002" branch="False" />
                <line number="146" hits="2200044" branch="True" condition-coverage="100% (2/2)">
                  <conditions>
                    <condition number="169" type="jump" coverage="100%" />
                  </conditions>
                </line>
                <line number="147" hits="1000020" branch="False" />
                <line number="148" hits="1000020" branch="False" />
                <line number="149" hits="1000020" branch="True" condition-coverage="75% (3/4)">
                  <conditions>
                    <condition number="34" type="switch" coverage="75%" />
                  </conditions>
                </line>
                <line number="152" hits="332683" branch="False" />
                <line number="153" hits="332683" branch="False" />
                <line number="156" hits="333118" branch="False" />
                <line number="157" hits="333118" branch="False" />
                <line number="160" hits="334219" branch="False" />
                <line number="161" hits="334219" branch="False" />
                <line number="163" hits="0" branch="False" />
                <line number="165" hits="1000020" branch="False" />
                <line number="167" hits="100002" branch="False" />
                <line number="168" hits="100002" branch="False" />
              </lines>
            </method>
            <method name="NextString" signature="(System.Int32)" line-rate="0.9375" branch-rate="0.8332999999999999" complexity="6">
              <lines>
                <line number="176" hits="1" branch="False" />
                <line number="177" hits="1" branch="False" />
                <line number="178" hits="22" branch="True" condition-coverage="100% (2/2)">
                  <conditions>
                    <condition number="168" type="jump" coverage="100%" />
                  </conditions>
                </line>
                <line number="179" hits="10" branch="False" />
                <line number="180" hits="10" branch="False" />
                <line number="181" hits="10" branch="True" condition-coverage="75% (3/4)">
                  <conditions>
                    <condition number="34" type="switch" coverage="75%" />
                  </conditions>
                </line>
                <line number="184" hits="4" branch="False" />
                <line number="185" hits="4" branch="False" />
                <line number="188" hits="4" branch="False" />
                <line number="189" hits="4" branch="False" />
                <line number="192" hits="2" branch="False" />
                <line number="193" hits="2" branch="False" />
                <line number="195" hits="0" branch="False" />
                <line number="197" hits="10" branch="False" />
                <line number="199" hits="1" branch="False" />
                <line number="200" hits="1" branch="False" />
              </lines>
            </method>
            <method name="NextUInt" signature="()" line-rate="1" branch-rate="1" complexity="1">
              <lines>
                <line number="206" hits="100002" branch="False" />
                <line number="207" hits="100002" branch="False" />
                <line number="208" hits="100002" branch="False" />
              </lines>
            </method>
            <method name="NextULong" signature="()" line-rate="1" branch-rate="1" complexity="1">
              <lines>
                <line number="215" hits="100002" branch="False" />
                <line number="216" hits="100002" branch="False" />
                <line number="217" hits="100002" branch="False" />
              </lines>
            </method>
            <method name="NextUShort" signature="()" line-rate="1" branch-rate="1" complexity="1">
              <lines>
                <line number="224" hits="100002" branch="False" />
                <line number="225" hits="100002" branch="False" />
                <line number="226" hits="100002" branch="False" />
              </lines>
            </method>
            <method name=".cctor" signature="()" line-rate="1" branch-rate="1" complexity="1">
              <lines>
                <line number="8" hits="1" branch="False" />
              </lines>
            </method>
          </methods>
          <lines>
            <line number="15" hits="100002" branch="False" />
            <line number="16" hits="100002" branch="False" />
            <line number="17" hits="100002" branch="False" />
            <line number="24" hits="400008" branch="False" />
            <line number="25" hits="400008" branch="False" />
            <line number="26" hits="400008" branch="False" />
            <line number="33" hits="100002" branch="False" />
            <line number="34" hits="100002" branch="False" />
            <line number="35" hits="100002" branch="False" />
            <line number="36" hits="100002" branch="False" />
            <line number="43" hits="1" branch="False" />
            <line number="44" hits="1" branch="False" />
            <line number="45" hits="1" branch="False" />
            <line number="46" hits="1" branch="False" />
            <line number="54" hits="1" branch="False" />
            <line number="55" hits="1" branch="False" />
            <line number="56" hits="22" branch="True" condition-coverage="100% (2/2)">
              <conditions>
                <condition number="57" type="jump" coverage="100%" />
              </conditions>
            </line>
            <line number="57" hits="10" branch="False" />
            <line number="58" hits="10" branch="False" />
            <line number="59" hits="10" branch="False" />
            <line number="60" hits="10" branch="False" />
            <line number="61" hits="1" branch="False" />
            <line number="62" hits="1" branch="False" />
            <line number="71" hits="100002" branch="False" />
            <line number="72" hits="100002" branch="False" />
            <line number="73" hits="100002" branch="False" />
            <line number="82" hits="100002" branch="False" />
            <line number="83" hits="100002" branch="False" />
            <line number="84" hits="100002" branch="False" />
            <line number="91" hits="333123" branch="False" />
            <line number="92" hits="333123" branch="False" />
            <line number="93" hits="333123" branch="False" />
            <line number="100" hits="334222" branch="False" />
            <line number="101" hits="334222" branch="False" />
            <line number="102" hits="334222" branch="False" />
            <line number="109" hits="332688" branch="False" />
            <line number="110" hits="332688" branch="False" />
            <line number="111" hits="332688" branch="False" />
            <line number="118" hits="1" branch="False" />
            <line number="119" hits="1" branch="False" />
            <line number="120" hits="1" branch="False" />
            <line number="126" hits="100002" branch="False" />
            <line number="127" hits="100002" branch="False" />
            <line number="128" hits="100002" branch="False" />
            <line number="135" hits="100002" branch="False" />
            <line number="136" hits="100002" branch="False" />
            <line number="137" hits="100002" branch="False" />
            <line number="144" hits="100002" branch="False" />
            <line number="145" hits="100002" branch="False" />
            <line number="146" hits="2200044" branch="True" condition-coverage="100% (2/2)">
              <conditions>
                <condition number="169" type="jump" coverage="100%" />
              </conditions>
            </line>
            <line number="147" hits="1000020" branch="False" />
            <line number="148" hits="1000020" branch="False" />
            <line number="149" hits="1000020" branch="True" condition-coverage="75% (3/4)">
              <conditions>
                <condition number="34" type="switch" coverage="75%" />
              </conditions>
            </line>
            <line number="152" hits="332683" branch="False" />
            <line number="153" hits="332683" branch="False" />
            <line number="156" hits="333118" branch="False" />
            <line number="157" hits="333118" branch="False" />
            <line number="160" hits="334219" branch="False" />
            <line number="161" hits="334219" branch="False" />
            <line number="163" hits="0" branch="False" />
            <line number="165" hits="1000020" branch="False" />
            <line number="167" hits="100002" branch="False" />
            <line number="168" hits="100002" branch="False" />
            <line number="176" hits="1" branch="False" />
            <line number="177" hits="1" branch="False" />
            <line number="178" hits="22" branch="True" condition-coverage="100% (2/2)">
              <conditions>
                <condition number="168" type="jump" coverage="100%" />
              </conditions>
            </line>
            <line number="179" hits="10" branch="False" />
            <line number="180" hits="10" branch="False" />
            <line number="181" hits="10" branch="True" condition-coverage="75% (3/4)">
              <conditions>
                <condition number="34" type="switch" coverage="75%" />
              </conditions>
            </line>
            <line number="184" hits="4" branch="False" />
            <line number="185" hits="4" branch="False" />
            <line number="188" hits="4" branch="False" />
            <line number="189" hits="4" branch="False" />
            <line number="192" hits="2" branch="False" />
            <line number="193" hits="2" branch="False" />
            <line number="195" hits="0" branch="False" />
            <line number="197" hits="10" branch="False" />
            <line number="199" hits="1" branch="False" />
            <line number="200" hits="1" branch="False" />
            <line number="206" hits="100002" branch="False" />
            <line number="207" hits="100002" branch="False" />
            <line number="208" hits="100002" branch="False" />
            <line number="215" hits="100002" branch="False" />
            <line number="216" hits="100002" branch="False" />
            <line number="217" hits="100002" branch="False" />
            <line number="224" hits="100002" branch="False" />
            <line number="225" hits="100002" branch="False" />
            <line number="226" hits="100002" branch="False" />
            <line number="8" hits="1" branch="False" />
          </lines>
        </class>
        <class name="Cheerful.PipeLine.PipeLine`1" filename="PipeLine\PipeLine.cs" line-rate="1" branch-rate="0.75" complexity="9">
          <methods>
            <method name="get_Service" signature="()" line-rate="1" branch-rate="1" complexity="1">
              <lines>
                <line number="9" hits="13" branch="False" />
              </lines>
            </method>
            <method name="Add" signature="()" line-rate="1" branch-rate="1" complexity="2">
              <lines>
                <line number="12" hits="6" branch="False" />
                <line number="13" hits="6" branch="False" />
                <line number="15" hits="6" branch="True" condition-coverage="100% (2/2)">
                  <conditions>
                    <condition number="33" type="jump" coverage="100%" />
                  </conditions>
                </line>
                <line number="16" hits="1" branch="False" />
                <line number="17" hits="1" branch="False" />
                <line number="18" hits="1" branch="False" />
                <line number="20" hits="5" branch="False" />
                <line number="21" hits="5" branch="False" />
                <line number="22" hits="5" branch="False" />
                <line number="23" hits="6" branch="False" />
              </lines>
            </method>
            <method name="Invoke" signature="(TContext)" line-rate="1" branch-rate="0.5" complexity="2">
              <lines>
                <line number="26" hits="1" branch="False" />
                <line number="27" hits="1" branch="True" condition-coverage="50% (1/2)">
                  <conditions>
                    <condition number="8" type="jump" coverage="50%" />
                  </conditions>
                </line>
                <line number="28" hits="1" branch="False" />
              </lines>
            </method>
            <method name="SetNextService" signature="(Cheerful.PipeLine.IPipeLineService`1&lt;TContext&gt;,Cheerful.PipeLine.IPipeLineService`1&lt;TContext&gt;)" line-rate="1" branch-rate="0.75" complexity="4">
              <lines>
                <line number="31" hits="15" branch="False" />
                <line number="32" hits="15" branch="True" condition-coverage="75% (3/4)">
                  <conditions>
                    <condition number="2" type="jump" coverage="50%" />
                    <condition number="18" type="jump" coverage="100%" />
                  </conditions>
                </line>
                <line number="33" hits="5" branch="False" />
                <line number="34" hits="5" branch="False" />
                <line number="35" hits="5" branch="False" />
                <line number="37" hits="10" branch="False" />
                <line number="38" hits="10" branch="False" />
                <line number="39" hits="10" branch="False" />
                <line number="40" hits="15" branch="False" />
              </lines>
            </method>
          </methods>
          <lines>
            <line number="9" hits="13" branch="False" />
            <line number="12" hits="6" branch="False" />
            <line number="13" hits="6" branch="False" />
            <line number="15" hits="6" branch="True" condition-coverage="100% (2/2)">
              <conditions>
                <condition number="33" type="jump" coverage="100%" />
              </conditions>
            </line>
            <line number="16" hits="1" branch="False" />
            <line number="17" hits="1" branch="False" />
            <line number="18" hits="1" branch="False" />
            <line number="20" hits="5" branch="False" />
            <line number="21" hits="5" branch="False" />
            <line number="22" hits="5" branch="False" />
            <line number="23" hits="6" branch="False" />
            <line number="26" hits="1" branch="False" />
            <line number="27" hits="1" branch="True" condition-coverage="50% (1/2)">
              <conditions>
                <condition number="8" type="jump" coverage="50%" />
              </conditions>
            </line>
            <line number="28" hits="1" branch="False" />
            <line number="31" hits="15" branch="False" />
            <line number="32" hits="15" branch="True" condition-coverage="75% (3/4)">
              <conditions>
                <condition number="2" type="jump" coverage="50%" />
                <condition number="18" type="jump" coverage="100%" />
              </conditions>
            </line>
            <line number="33" hits="5" branch="False" />
            <line number="34" hits="5" branch="False" />
            <line number="35" hits="5" branch="False" />
            <line number="37" hits="10" branch="False" />
            <line number="38" hits="10" branch="False" />
            <line number="39" hits="10" branch="False" />
            <line number="40" hits="15" branch="False" />
          </lines>
        </class>
        <class name="Cheerful.PipeLine.PipeLineService`1" filename="PipeLine\PipeLineService.cs" line-rate="0.25" branch-rate="0" complexity="3">
          <methods>
            <method name="get_NextService" signature="()" line-rate="1" branch-rate="1" complexity="1">
              <lines>
                <line number="15" hits="36" branch="False" />
              </lines>
            </method>
            <method name="Invoke" signature="(TContext)" line-rate="0" branch-rate="0" complexity="2">
              <lines>
                <line number="18" hits="0" branch="False" />
                <line number="19" hits="0" branch="True" condition-coverage="0% (0/2)">
                  <conditions>
                    <condition number="8" type="jump" coverage="0%" />
                  </conditions>
                </line>
                <line number="20" hits="0" branch="False" />
              </lines>
            </method>
          </methods>
          <lines>
            <line number="15" hits="36" branch="False" />
            <line number="18" hits="0" branch="False" />
            <line number="19" hits="0" branch="True" condition-coverage="0% (0/2)">
              <conditions>
                <condition number="8" type="jump" coverage="0%" />
              </conditions>
            </line>
            <line number="20" hits="0" branch="False" />
          </lines>
        </class>
      </classes>
    </package>
  </packages>
</coverage>